6a 4        )                           FLLLՓ3
  !SUN2                            {wN
  "MERCURY /!􎊐                  ϩ}M
  #VENUS   }>{                  ʺ93d
  $EARTH   +ۢ]                  ء%tRH
  %MARS    @^F9i                  <\
  &JUPITER ׿                  轻7
  'SATURN  $d[Z                  yyy
  (URANUS  'z                  
  )NEPTUNE ɻ\tbu                  e_
6b@~W퓜  #  "ڭnSљ`{0|"_e쌇%{,"qgї
6bl\O  #  "C)80F~>ڡ!f'3~z-mZ& Q$@p]
6biɒ~ږ  #  "]^}y_!-p!&x߾2(}?6U$uf?)
6bpG'  $  "Met|⋞-8^!U\X'i83Թ!!v:k}!L?
6b¨O  $  #܎ľT06!`M)Z.苛[ }L<
6bOd_  $  "6MR*z\VO!gKq"J0ywW%J ņ$v4q?
6b̚6:32  $  "`!Mt̎]$͎LiS`*$ufļT;fW$`#&"ː%\^ck
6bT?;it5  #  "'WiM7sE0s(޴%r90x=sT%uqH
6bڝ,ߨ  #  "y\ߎK)Vv^!PR!i)=#A̦v kB׉_
6bXDؖ  #  "JƨCɎͦ$*$YOe_شr"R3(O֖N
6b$|֮|  #  "b:}v( =׊^"7/j1L9()<MG;y4
6b1Z_  #  ",oǍ%/vɯm%Qn%ؘQƽzɫl~B-Í٫y
6b|Ֆ  #  " =I_g('h{zvIR3b:\͍!x_
6bnԖ  $  %$U=Zڎ0YNO 6v_Y;] 2]:N
6bhqi-)ԗ  #  %йF\~0}ylIU hY*"b5w7'j,yy m_0C7
6b}  $  #'tp0xB`y_(P F>a9@&#_q"kFod~^
6b@d  $  "J`"j-@UIၾŔfD L1 
6bT  $  #p>/rKGvY w'|ѿMHZ9rh NQVV
6b-7!ڗ  $  #C[G!83הŐHHaAX"~t!.ש
6bJx2  $  #z ʝI(~J7z#h~!czY~UM4=?+#1ے".cw[(
6b89  $  #ɜَE*~Ԣ ߑtP$Ƈڋ"]<cK
6b6=g'{  $  #IVDÕCʷ āߢoͳLCƓnޠʕ֖"Wy1x
6b<kuh  $  #7~3Z,Ah Fb1#OR#P~AZ-Wȋ20kB
6b*  $  "hym(㎀/[fe!D}!sSyadSMQ n ˎm>fu+r
6b/K*Ǘ  $  "1.jʱRӕٍ=+\O'],m H>_[;BOE#%ǐJb
6b/S/  $  "]ڽ4ǎE1H[Lq!cBSaIfb|$[&1 SI+%ST
6b,н\  $  "fHmʎI^!:0qD17^ψ =s)
6b^oc  #  "@:OÎyCuB☣7NےpeLy4>׿$cj6Kn
6b=4;  $  "s<Y`C~s"2? Jt!jV"^
6b벦  #  "B~t2_G">쎐`і~k,eLro!ПslQp
6b{K聶  #  "Ñ )T!7*R낤U x ~,FL\N
6b0ރ  #  "K]쎂4,ѓR*wk)oXFׁ--vւ,撮*w(&gגud!ux
6ba׳)  #  "GcFe9ЎwЏmLz׷Uw0r6q>3+{zgDM/]
6b8ϩؗ  #  " Wڎzx*"@w=Յ*śOz/z27<xg%1&pGzt
6b1  #  "A%ߧx$B\ki8,#:""whwx}C'Д0'25
6bߋ||-  '  (vZM+R. !\'k.p+vf; !;ίRM
6bKk  $  "Kiէ0@~a`MS6Q3'cOq%~g!X6P,LZ;N"ﳐ
6bS1  $  "svÎHϿ[@#8f~_N_6_]1J!I2Ύ0|]K
6b-yaU  #  ",#cg/!5v=찾J, uj_g"^ ᝒK#s3
6b2fڗ  #  %XqXEǍ/F+!$AQ^e`$AtC!:w}m
6b'.`V  $  "kVw㯜$ae/u鯴!ֵIkk
6bӝꚐ  $  #5#ϵˇg9 2-P^TДg9 CǏ'CFo
6br2Y  $  "&XR/؍j;&%3 u~Rz[)rT<KW[o'
6b5#p  #  "PduyI8G+=JN"Bk/|&yI))am=A!.4rw</
6b}X  #  "2˔.aTǆ/0N!_zDѭ͌/]"WNC
